{"/home/lpauchot/Documents/COURS-PMN/M2/0-ProjetsRenduSoutenance/BLOC 3/novatech-hrflow-v2/frontend/src/App.jsx": {"path":"/home/lpauchot/Documents/COURS-PMN/M2/0-ProjetsRenduSoutenance/BLOC 3/novatech-hrflow-v2/frontend/src/App.jsx","statementMap":{"0":{"start":{"line":7,"column":2},"end":{"line":14,"column":3}}},"fnMap":{"0":{"name":"App","decl":{"start":{"line":6,"column":24},"end":{"line":6,"column":27}},"loc":{"start":{"line":6,"column":30},"end":{"line":15,"column":1}},"line":6}},"branchMap":{},"s":{"0":0},"f":{"0":0},"b":{}}
,"/home/lpauchot/Documents/COURS-PMN/M2/0-ProjetsRenduSoutenance/BLOC 3/novatech-hrflow-v2/frontend/src/index.js": {"path":"/home/lpauchot/Documents/COURS-PMN/M2/0-ProjetsRenduSoutenance/BLOC 3/novatech-hrflow-v2/frontend/src/index.js","statementMap":{"0":{"start":{"line":5,"column":13},"end":{"line":5,"column":65}},"1":{"start":{"line":7,"column":0},"end":{"line":11,"column":1}}},"fnMap":{},"branchMap":{},"s":{"0":0,"1":0},"f":{},"b":{}}
,"/home/lpauchot/Documents/COURS-PMN/M2/0-ProjetsRenduSoutenance/BLOC 3/novatech-hrflow-v2/frontend/src/components/Login.jsx": {"path":"/home/lpauchot/Documents/COURS-PMN/M2/0-ProjetsRenduSoutenance/BLOC 3/novatech-hrflow-v2/frontend/src/components/Login.jsx","statementMap":{"0":{"start":{"line":4,"column":16},"end":{"line":4,"column":76}},"1":{"start":{"line":7,"column":28},"end":{"line":7,"column":40}},"2":{"start":{"line":8,"column":34},"end":{"line":8,"column":46}},"3":{"start":{"line":9,"column":28},"end":{"line":9,"column":42}},"4":{"start":{"line":11,"column":22},"end":{"line":22,"column":3}},"5":{"start":{"line":12,"column":4},"end":{"line":12,"column":22}},"6":{"start":{"line":13,"column":4},"end":{"line":21,"column":5}},"7":{"start":{"line":14,"column":23},"end":{"line":14,"column":85}},"8":{"start":{"line":15,"column":6},"end":{"line":15,"column":54}},"9":{"start":{"line":16,"column":6},"end":{"line":16,"column":68}},"10":{"start":{"line":17,"column":6},"end":{"line":17,"column":41}},"11":{"start":{"line":19,"column":6},"end":{"line":19,"column":40}},"12":{"start":{"line":20,"column":6},"end":{"line":20,"column":55}},"13":{"start":{"line":24,"column":2},"end":{"line":34,"column":3}},"14":{"start":{"line":28,"column":77},"end":{"line":28,"column":101}},"15":{"start":{"line":29,"column":90},"end":{"line":29,"column":117}}},"fnMap":{"0":{"name":"Login","decl":{"start":{"line":6,"column":24},"end":{"line":6,"column":29}},"loc":{"start":{"line":6,"column":32},"end":{"line":35,"column":1}},"line":6},"1":{"name":"(anonymous_1)","decl":{"start":{"line":11,"column":22},"end":{"line":11,"column":23}},"loc":{"start":{"line":11,"column":35},"end":{"line":22,"column":3}},"line":11},"2":{"name":"(anonymous_2)","decl":{"start":{"line":28,"column":72},"end":{"line":28,"column":73}},"loc":{"start":{"line":28,"column":77},"end":{"line":28,"column":101}},"line":28},"3":{"name":"(anonymous_3)","decl":{"start":{"line":29,"column":85},"end":{"line":29,"column":86}},"loc":{"start":{"line":29,"column":90},"end":{"line":29,"column":117}},"line":29}},"branchMap":{"0":{"loc":{"start":{"line":4,"column":16},"end":{"line":4,"column":76}},"type":"binary-expr","locations":[{"start":{"line":4,"column":16},"end":{"line":4,"column":45}},{"start":{"line":4,"column":49},"end":{"line":4,"column":76}}],"line":4},"1":{"loc":{"start":{"line":30,"column":9},"end":{"line":30,"column":50}},"type":"binary-expr","locations":[{"start":{"line":30,"column":9},"end":{"line":30,"column":14}},{"start":{"line":30,"column":18},"end":{"line":30,"column":50}}],"line":30}},"s":{"0":1,"1":8,"2":8,"3":8,"4":8,"5":2,"6":2,"7":2,"8":1,"9":1,"10":1,"11":1,"12":1,"13":8,"14":2,"15":2},"f":{"0":8,"1":2,"2":2,"3":2},"b":{"0":[1,1],"1":[8,1]},"_coverageSchema":"1a1c01bbd47fc00a2c39e90264f33305004495a9","hash":"436d3d2605ed771da69a334a65c2df11531282d5"}
,"/home/lpauchot/Documents/COURS-PMN/M2/0-ProjetsRenduSoutenance/BLOC 3/novatech-hrflow-v2/frontend/src/pages/Dashboard.jsx": {"path":"/home/lpauchot/Documents/COURS-PMN/M2/0-ProjetsRenduSoutenance/BLOC 3/novatech-hrflow-v2/frontend/src/pages/Dashboard.jsx","statementMap":{"0":{"start":{"line":3,"column":16},"end":{"line":3,"column":76}},"1":{"start":{"line":8,"column":30},"end":{"line":8,"column":44}},"2":{"start":{"line":9,"column":16},"end":{"line":9,"column":52}},"3":{"start":{"line":10,"column":15},"end":{"line":10,"column":70}},"4":{"start":{"line":12,"column":2},"end":{"line":18,"column":8}},"5":{"start":{"line":13,"column":4},"end":{"line":13,"column":54}},"6":{"start":{"line":13,"column":18},"end":{"line":13,"column":45}},"7":{"start":{"line":13,"column":46},"end":{"line":13,"column":52}},"8":{"start":{"line":15,"column":4},"end":{"line":17,"column":56}},"9":{"start":{"line":17,"column":17},"end":{"line":17,"column":34}},"10":{"start":{"line":20,"column":2},"end":{"line":26,"column":3}}},"fnMap":{"0":{"name":"Dashboard","decl":{"start":{"line":7,"column":24},"end":{"line":7,"column":33}},"loc":{"start":{"line":7,"column":36},"end":{"line":27,"column":1}},"line":7},"1":{"name":"(anonymous_1)","decl":{"start":{"line":12,"column":12},"end":{"line":12,"column":13}},"loc":{"start":{"line":12,"column":18},"end":{"line":18,"column":3}},"line":12},"2":{"name":"(anonymous_2)","decl":{"start":{"line":17,"column":12},"end":{"line":17,"column":13}},"loc":{"start":{"line":17,"column":17},"end":{"line":17,"column":34}},"line":17}},"branchMap":{"0":{"loc":{"start":{"line":3,"column":16},"end":{"line":3,"column":76}},"type":"binary-expr","locations":[{"start":{"line":3,"column":16},"end":{"line":3,"column":45}},{"start":{"line":3,"column":49},"end":{"line":3,"column":76}}],"line":3},"1":{"loc":{"start":{"line":10,"column":26},"end":{"line":10,"column":69}},"type":"binary-expr","locations":[{"start":{"line":10,"column":26},"end":{"line":10,"column":61}},{"start":{"line":10,"column":65},"end":{"line":10,"column":69}}],"line":10},"2":{"loc":{"start":{"line":13,"column":4},"end":{"line":13,"column":54}},"type":"if","locations":[{"start":{"line":13,"column":4},"end":{"line":13,"column":54}},{"start":{},"end":{}}],"line":13},"3":{"loc":{"start":{"line":23,"column":7},"end":{"line":23,"column":59}},"type":"binary-expr","locations":[{"start":{"line":23,"column":7},"end":{"line":23,"column":13}},{"start":{"line":23,"column":17},"end":{"line":23,"column":59}}],"line":23}},"s":{"0":0,"1":0,"2":0,"3":0,"4":0,"5":0,"6":0,"7":0,"8":0,"9":0,"10":0},"f":{"0":0,"1":0,"2":0},"b":{"0":[0,0],"1":[0,0],"2":[0,0],"3":[0,0]}}
}
