{"/home/lpauchot/Documents/COURS-PMN/M2/0-ProjetsRenduSoutenance/BLOC 3/novatech-hrflow-v2/services/paie/src/index.js": {"path":"/home/lpauchot/Documents/COURS-PMN/M2/0-ProjetsRenduSoutenance/BLOC 3/novatech-hrflow-v2/services/paie/src/index.js","statementMap":{"0":{"start":{"line":1,"column":0},"end":{"line":1,"column":87}},"1":{"start":{"line":2,"column":16},"end":{"line":2,"column":34}},"2":{"start":{"line":3,"column":17},"end":{"line":3,"column":30}},"3":{"start":{"line":4,"column":14},"end":{"line":4,"column":30}},"4":{"start":{"line":5,"column":12},"end":{"line":5,"column":35}},"5":{"start":{"line":6,"column":12},"end":{"line":6,"column":21}},"6":{"start":{"line":7,"column":0},"end":{"line":7,"column":27}},"7":{"start":{"line":8,"column":0},"end":{"line":8,"column":23}},"8":{"start":{"line":9,"column":13},"end":{"line":9,"column":69}},"9":{"start":{"line":14,"column":16},"end":{"line":14,"column":65}},"10":{"start":{"line":15,"column":2},"end":{"line":15,"column":64}},"11":{"start":{"line":15,"column":14},"end":{"line":15,"column":64}},"12":{"start":{"line":16,"column":2},"end":{"line":23,"column":3}},"13":{"start":{"line":17,"column":20},"end":{"line":17,"column":61}},"14":{"start":{"line":18,"column":4},"end":{"line":18,"column":85}},"15":{"start":{"line":18,"column":34},"end":{"line":18,"column":85}},"16":{"start":{"line":19,"column":4},"end":{"line":19,"column":22}},"17":{"start":{"line":20,"column":4},"end":{"line":20,"column":10}},"18":{"start":{"line":22,"column":4},"end":{"line":22,"column":52}},"19":{"start":{"line":26,"column":0},"end":{"line":48,"column":2}},"20":{"start":{"line":27,"column":38},"end":{"line":27,"column":46}},"21":{"start":{"line":28,"column":14},"end":{"line":28,"column":85}},"22":{"start":{"line":29,"column":2},"end":{"line":29,"column":89}},"23":{"start":{"line":29,"column":29},"end":{"line":29,"column":89}},"24":{"start":{"line":30,"column":19},"end":{"line":30,"column":30}},"25":{"start":{"line":31,"column":22},"end":{"line":31,"column":51}},"26":{"start":{"line":32,"column":32},"end":{"line":32,"column":50}},"27":{"start":{"line":33,"column":32},"end":{"line":33,"column":50}},"28":{"start":{"line":34,"column":14},"end":{"line":34,"column":49}},"29":{"start":{"line":35,"column":19},"end":{"line":35,"column":155}},"30":{"start":{"line":36,"column":2},"end":{"line":39,"column":3}},"31":{"start":{"line":40,"column":2},"end":{"line":46,"column":3}},"32":{"start":{"line":41,"column":4},"end":{"line":43,"column":6}},"33":{"start":{"line":45,"column":4},"end":{"line":45,"column":70}},"34":{"start":{"line":47,"column":2},"end":{"line":47,"column":20}},"35":{"start":{"line":52,"column":0},"end":{"line":64,"column":2}},"36":{"start":{"line":53,"column":2},"end":{"line":53,"column":44}},"37":{"start":{"line":54,"column":2},"end":{"line":63,"column":3}},"38":{"start":{"line":55,"column":4},"end":{"line":59,"column":6}},"39":{"start":{"line":60,"column":4},"end":{"line":60,"column":31}},"40":{"start":{"line":62,"column":4},"end":{"line":62,"column":48}},"41":{"start":{"line":73,"column":0},"end":{"line":79,"column":2}},"42":{"start":{"line":74,"column":33},"end":{"line":74,"column":41}},"43":{"start":{"line":75,"column":14},"end":{"line":75,"column":104}},"44":{"start":{"line":76,"column":22},"end":{"line":76,"column":63}},"45":{"start":{"line":77,"column":30},"end":{"line":77,"column":57}},"46":{"start":{"line":78,"column":2},"end":{"line":78,"column":84}},"47":{"start":{"line":81,"column":0},"end":{"line":81,"column":20}}},"fnMap":{"0":{"name":"requireAdmin","decl":{"start":{"line":13,"column":9},"end":{"line":13,"column":21}},"loc":{"start":{"line":13,"column":38},"end":{"line":24,"column":1}},"line":13},"1":{"name":"(anonymous_1)","decl":{"start":{"line":26,"column":27},"end":{"line":26,"column":28}},"loc":{"start":{"line":26,"column":47},"end":{"line":48,"column":1}},"line":26},"2":{"name":"(anonymous_2)","decl":{"start":{"line":52,"column":40},"end":{"line":52,"column":41}},"loc":{"start":{"line":52,"column":60},"end":{"line":64,"column":1}},"line":52},"3":{"name":"(anonymous_3)","decl":{"start":{"line":73,"column":29},"end":{"line":73,"column":30}},"loc":{"start":{"line":73,"column":49},"end":{"line":79,"column":1}},"line":73}},"branchMap":{"0":{"loc":{"start":{"line":15,"column":2},"end":{"line":15,"column":64}},"type":"if","locations":[{"start":{"line":15,"column":2},"end":{"line":15,"column":64}},{"start":{},"end":{}}],"line":15},"1":{"loc":{"start":{"line":18,"column":4},"end":{"line":18,"column":85}},"type":"if","locations":[{"start":{"line":18,"column":4},"end":{"line":18,"column":85}},{"start":{},"end":{}}],"line":18},"2":{"loc":{"start":{"line":29,"column":2},"end":{"line":29,"column":89}},"type":"if","locations":[{"start":{"line":29,"column":2},"end":{"line":29,"column":89}},{"start":{},"end":{}}],"line":29}},"s":{"0":1,"1":1,"2":1,"3":1,"4":1,"5":1,"6":1,"7":1,"8":1,"9":3,"10":3,"11":1,"12":2,"13":2,"14":2,"15":1,"16":1,"17":1,"18":0,"19":1,"20":3,"21":3,"22":3,"23":1,"24":2,"25":2,"26":2,"27":2,"28":2,"29":2,"30":2,"31":2,"32":2,"33":1,"34":2,"35":1,"36":1,"37":1,"38":1,"39":1,"40":0,"41":1,"42":1,"43":1,"44":1,"45":1,"46":1,"47":1},"f":{"0":3,"1":3,"2":1,"3":1},"b":{"0":[1,2],"1":[1,1],"2":[1,2]},"_coverageSchema":"1a1c01bbd47fc00a2c39e90264f33305004495a9","hash":"cb3dbb0bdb6f37a76919dc96a40f0c52c1c8ee35"}
}
