TN:
SF:src/index.js
FN:13,requireAdmin
FN:26,(anonymous_1)
FN:52,(anonymous_2)
FN:73,(anonymous_3)
FNF:4
FNH:4
FNDA:3,requireAdmin
FNDA:3,(anonymous_1)
FNDA:1,(anonymous_2)
FNDA:1,(anonymous_3)
DA:1,1
DA:2,1
DA:3,1
DA:4,1
DA:5,1
DA:6,1
DA:7,1
DA:8,1
DA:9,1
DA:14,3
DA:15,3
DA:16,2
DA:17,2
DA:18,2
DA:19,1
DA:20,1
DA:22,0
DA:26,1
DA:27,3
DA:28,3
DA:29,3
DA:30,2
DA:31,2
DA:32,2
DA:33,2
DA:34,2
DA:35,2
DA:36,2
DA:40,2
DA:41,2
DA:45,1
DA:47,2
DA:52,1
DA:53,1
DA:54,1
DA:55,1
DA:60,1
DA:62,0
DA:73,1
DA:74,1
DA:75,1
DA:76,1
DA:77,1
DA:78,1
DA:81,1
LF:45
LH:43
BRDA:15,0,0,1
BRDA:15,0,1,2
BRDA:18,1,0,1
BRDA:18,1,1,1
BRDA:29,2,0,1
BRDA:29,2,1,2
BRF:6
BRH:6
end_of_record
