{"/home/lpauchot/Documents/COURS-PMN/M2/0-ProjetsRenduSoutenance/BLOC 3/novatech-hrflow-v2/services/api-gateway/src/index.js": {"path":"/home/lpauchot/Documents/COURS-PMN/M2/0-ProjetsRenduSoutenance/BLOC 3/novatech-hrflow-v2/services/api-gateway/src/index.js","statementMap":{"0":{"start":{"line":1,"column":0},"end":{"line":1,"column":87}},"1":{"start":{"line":2,"column":16},"end":{"line":2,"column":34}},"2":{"start":{"line":3,"column":34},"end":{"line":3,"column":66}},"3":{"start":{"line":4,"column":20},"end":{"line":4,"column":48}},"4":{"start":{"line":5,"column":12},"end":{"line":5,"column":21}},"5":{"start":{"line":6,"column":0},"end":{"line":6,"column":27}},"6":{"start":{"line":8,"column":23},"end":{"line":11,"column":18}},"7":{"start":{"line":10,"column":12},"end":{"line":10,"column":20}},"8":{"start":{"line":13,"column":0},"end":{"line":23,"column":2}},"9":{"start":{"line":14,"column":17},"end":{"line":14,"column":35}},"10":{"start":{"line":15,"column":2},"end":{"line":18,"column":3}},"11":{"start":{"line":16,"column":4},"end":{"line":16,"column":53}},"12":{"start":{"line":17,"column":4},"end":{"line":17,"column":32}},"13":{"start":{"line":19,"column":2},"end":{"line":19,"column":81}},"14":{"start":{"line":20,"column":2},"end":{"line":20,"column":74}},"15":{"start":{"line":21,"column":2},"end":{"line":21,"column":58}},"16":{"start":{"line":21,"column":32},"end":{"line":21,"column":58}},"17":{"start":{"line":22,"column":2},"end":{"line":22,"column":8}},"18":{"start":{"line":26,"column":23},"end":{"line":26,"column":55}},"19":{"start":{"line":28,"column":17},"end":{"line":28,"column":72}},"20":{"start":{"line":29,"column":17},"end":{"line":29,"column":72}},"21":{"start":{"line":30,"column":19},"end":{"line":30,"column":76}},"22":{"start":{"line":31,"column":24},"end":{"line":31,"column":86}},"23":{"start":{"line":33,"column":0},"end":{"line":33,"column":104}},"24":{"start":{"line":34,"column":0},"end":{"line":34,"column":117}},"25":{"start":{"line":35,"column":0},"end":{"line":35,"column":121}},"26":{"start":{"line":36,"column":0},"end":{"line":36,"column":131}},"27":{"start":{"line":38,"column":0},"end":{"line":38,"column":60}},"28":{"start":{"line":38,"column":33},"end":{"line":38,"column":59}},"29":{"start":{"line":40,"column":0},"end":{"line":43,"column":2}},"30":{"start":{"line":41,"column":2},"end":{"line":41,"column":26}},"31":{"start":{"line":42,"column":2},"end":{"line":42,"column":64}},"32":{"start":{"line":52,"column":0},"end":{"line":52,"column":20}}},"fnMap":{"0":{"name":"(anonymous_0)","decl":{"start":{"line":10,"column":7},"end":{"line":10,"column":8}},"loc":{"start":{"line":10,"column":12},"end":{"line":10,"column":20}},"line":10},"1":{"name":"(anonymous_1)","decl":{"start":{"line":13,"column":8},"end":{"line":13,"column":9}},"loc":{"start":{"line":13,"column":28},"end":{"line":23,"column":1}},"line":13},"2":{"name":"(anonymous_2)","decl":{"start":{"line":38,"column":19},"end":{"line":38,"column":20}},"loc":{"start":{"line":38,"column":33},"end":{"line":38,"column":59}},"line":38},"3":{"name":"(anonymous_3)","decl":{"start":{"line":40,"column":8},"end":{"line":40,"column":9}},"loc":{"start":{"line":40,"column":33},"end":{"line":43,"column":1}},"line":40}},"branchMap":{"0":{"loc":{"start":{"line":8,"column":24},"end":{"line":8,"column":123}},"type":"binary-expr","locations":[{"start":{"line":8,"column":24},"end":{"line":8,"column":56}},{"start":{"line":8,"column":60},"end":{"line":8,"column":123}}],"line":8},"1":{"loc":{"start":{"line":15,"column":2},"end":{"line":18,"column":3}},"type":"if","locations":[{"start":{"line":15,"column":2},"end":{"line":18,"column":3}},{"start":{},"end":{}}],"line":15},"2":{"loc":{"start":{"line":15,"column":6},"end":{"line":15,"column":47}},"type":"binary-expr","locations":[{"start":{"line":15,"column":6},"end":{"line":15,"column":12}},{"start":{"line":15,"column":16},"end":{"line":15,"column":47}}],"line":15},"3":{"loc":{"start":{"line":21,"column":2},"end":{"line":21,"column":58}},"type":"if","locations":[{"start":{"line":21,"column":2},"end":{"line":21,"column":58}},{"start":{},"end":{}}],"line":21},"4":{"loc":{"start":{"line":28,"column":17},"end":{"line":28,"column":72}},"type":"binary-expr","locations":[{"start":{"line":28,"column":17},"end":{"line":28,"column":45}},{"start":{"line":28,"column":49},"end":{"line":28,"column":72}}],"line":28},"5":{"loc":{"start":{"line":29,"column":17},"end":{"line":29,"column":72}},"type":"binary-expr","locations":[{"start":{"line":29,"column":17},"end":{"line":29,"column":45}},{"start":{"line":29,"column":49},"end":{"line":29,"column":72}}],"line":29},"6":{"loc":{"start":{"line":30,"column":19},"end":{"line":30,"column":76}},"type":"binary-expr","locations":[{"start":{"line":30,"column":19},"end":{"line":30,"column":49}},{"start":{"line":30,"column":53},"end":{"line":30,"column":76}}],"line":30},"7":{"loc":{"start":{"line":31,"column":24},"end":{"line":31,"column":86}},"type":"binary-expr","locations":[{"start":{"line":31,"column":24},"end":{"line":31,"column":59}},{"start":{"line":31,"column":63},"end":{"line":31,"column":86}}],"line":31}},"s":{"0":1,"1":1,"2":1,"3":1,"4":1,"5":1,"6":1,"7":1,"8":1,"9":11,"10":11,"11":2,"12":2,"13":11,"14":11,"15":11,"16":1,"17":10,"18":1,"19":1,"20":1,"21":1,"22":1,"23":1,"24":1,"25":1,"26":1,"27":1,"28":3,"29":1,"30":1,"31":1,"32":1},"f":{"0":1,"1":11,"2":3,"3":1},"b":{"0":[1,0],"1":[2,9],"2":[11,3],"3":[1,10],"4":[1,1],"5":[1,1],"6":[1,1],"7":[1,1]},"_coverageSchema":"1a1c01bbd47fc00a2c39e90264f33305004495a9","hash":"705099cf30a0114bc8a2e34c5ea0ea2a28b7dc89"}
,"/home/lpauchot/Documents/COURS-PMN/M2/0-ProjetsRenduSoutenance/BLOC 3/novatech-hrflow-v2/services/api-gateway/src/middleware/auth.js": {"path":"/home/lpauchot/Documents/COURS-PMN/M2/0-ProjetsRenduSoutenance/BLOC 3/novatech-hrflow-v2/services/api-gateway/src/middleware/auth.js","statementMap":{"0":{"start":{"line":5,"column":12},"end":{"line":5,"column":35}},"1":{"start":{"line":7,"column":0},"end":{"line":16,"column":1}},"2":{"start":{"line":8,"column":16},"end":{"line":8,"column":65}},"3":{"start":{"line":9,"column":2},"end":{"line":9,"column":64}},"4":{"start":{"line":9,"column":14},"end":{"line":9,"column":64}},"5":{"start":{"line":10,"column":2},"end":{"line":15,"column":3}},"6":{"start":{"line":11,"column":4},"end":{"line":11,"column":56}},"7":{"start":{"line":12,"column":4},"end":{"line":12,"column":10}},"8":{"start":{"line":14,"column":4},"end":{"line":14,"column":52}}},"fnMap":{"0":{"name":"(anonymous_0)","decl":{"start":{"line":7,"column":17},"end":{"line":7,"column":18}},"loc":{"start":{"line":7,"column":37},"end":{"line":16,"column":1}},"line":7}},"branchMap":{"0":{"loc":{"start":{"line":9,"column":2},"end":{"line":9,"column":64}},"type":"if","locations":[{"start":{"line":9,"column":2},"end":{"line":9,"column":64}},{"start":{},"end":{}}],"line":9}},"s":{"0":2,"1":2,"2":9,"3":9,"4":4,"5":5,"6":5,"7":4,"8":1},"f":{"0":9},"b":{"0":[4,5]},"_coverageSchema":"1a1c01bbd47fc00a2c39e90264f33305004495a9","hash":"28675aa5c3f925baf056d278405ec7816b301e95"}
}
