TN:
SF:src/index.js
FN:10,(anonymous_0)
FN:13,(anonymous_1)
FN:38,(anonymous_2)
FN:40,(anonymous_3)
FNF:4
FNH:4
FNDA:1,(anonymous_0)
FNDA:11,(anonymous_1)
FNDA:3,(anonymous_2)
FNDA:1,(anonymous_3)
DA:1,1
DA:2,1
DA:3,1
DA:4,1
DA:5,1
DA:6,1
DA:8,1
DA:10,1
DA:13,1
DA:14,11
DA:15,11
DA:16,2
DA:17,2
DA:19,11
DA:20,11
DA:21,11
DA:22,10
DA:26,1
DA:28,1
DA:29,1
DA:30,1
DA:31,1
DA:33,1
DA:34,1
DA:35,1
DA:36,1
DA:38,3
DA:40,1
DA:41,1
DA:42,1
DA:52,1
LF:31
LH:31
BRDA:8,0,0,1
BRDA:8,0,1,0
BRDA:15,1,0,2
BRDA:15,1,1,9
BRDA:15,2,0,11
BRDA:15,2,1,3
BRDA:21,3,0,1
BRDA:21,3,1,10
BRDA:28,4,0,1
BRDA:28,4,1,1
BRDA:29,5,0,1
BRDA:29,5,1,1
BRDA:30,6,0,1
BRDA:30,6,1,1
BRDA:31,7,0,1
BRDA:31,7,1,1
BRF:16
BRH:15
end_of_record
TN:
SF:src/middleware/auth.js
FN:7,(anonymous_0)
FNF:1
FNH:1
FNDA:9,(anonymous_0)
DA:5,2
DA:7,2
DA:8,9
DA:9,9
DA:10,5
DA:11,5
DA:12,4
DA:14,1
LF:8
LH:8
BRDA:9,0,0,4
BRDA:9,0,1,5
BRF:2
BRH:2
end_of_record
