{"/home/lpauchot/Documents/COURS-PMN/M2/0-ProjetsRenduSoutenance/BLOC 3/novatech-hrflow-v2/services/auth/src/index.js": {"path":"/home/lpauchot/Documents/COURS-PMN/M2/0-ProjetsRenduSoutenance/BLOC 3/novatech-hrflow-v2/services/auth/src/index.js","statementMap":{"0":{"start":{"line":1,"column":0},"end":{"line":1,"column":87}},"1":{"start":{"line":2,"column":16},"end":{"line":2,"column":34}},"2":{"start":{"line":3,"column":12},"end":{"line":3,"column":35}},"3":{"start":{"line":4,"column":15},"end":{"line":4,"column":32}},"4":{"start":{"line":5,"column":17},"end":{"line":5,"column":30}},"5":{"start":{"line":7,"column":12},"end":{"line":7,"column":21}},"6":{"start":{"line":8,"column":0},"end":{"line":8,"column":27}},"7":{"start":{"line":9,"column":0},"end":{"line":9,"column":23}},"8":{"start":{"line":24,"column":0},"end":{"line":41,"column":2}},"9":{"start":{"line":25,"column":30},"end":{"line":25,"column":38}},"10":{"start":{"line":26,"column":17},"end":{"line":29,"column":3}},"11":{"start":{"line":30,"column":2},"end":{"line":30,"column":93}},"12":{"start":{"line":30,"column":32},"end":{"line":30,"column":93}},"13":{"start":{"line":31,"column":15},"end":{"line":31,"column":29}},"14":{"start":{"line":32,"column":16},"end":{"line":32,"column":66}},"15":{"start":{"line":33,"column":2},"end":{"line":33,"column":75}},"16":{"start":{"line":33,"column":14},"end":{"line":33,"column":75}},"17":{"start":{"line":34,"column":16},"end":{"line":38,"column":3}},"18":{"start":{"line":39,"column":2},"end":{"line":39,"column":57}},"19":{"start":{"line":40,"column":2},"end":{"line":40,"column":68}},"20":{"start":{"line":43,"column":0},"end":{"line":51,"column":2}},"21":{"start":{"line":44,"column":20},"end":{"line":44,"column":28}},"22":{"start":{"line":45,"column":2},"end":{"line":50,"column":3}},"23":{"start":{"line":46,"column":20},"end":{"line":46,"column":61}},"24":{"start":{"line":47,"column":4},"end":{"line":47,"column":44}},"25":{"start":{"line":49,"column":4},"end":{"line":49,"column":42}},"26":{"start":{"line":60,"column":0},"end":{"line":60,"column":20}}},"fnMap":{"0":{"name":"(anonymous_0)","decl":{"start":{"line":24,"column":24},"end":{"line":24,"column":25}},"loc":{"start":{"line":24,"column":44},"end":{"line":41,"column":1}},"line":24},"1":{"name":"(anonymous_1)","decl":{"start":{"line":43,"column":25},"end":{"line":43,"column":26}},"loc":{"start":{"line":43,"column":39},"end":{"line":51,"column":1}},"line":43}},"branchMap":{"0":{"loc":{"start":{"line":30,"column":2},"end":{"line":30,"column":93}},"type":"if","locations":[{"start":{"line":30,"column":2},"end":{"line":30,"column":93}},{"start":{},"end":{}}],"line":30},"1":{"loc":{"start":{"line":33,"column":2},"end":{"line":33,"column":75}},"type":"if","locations":[{"start":{"line":33,"column":2},"end":{"line":33,"column":75}},{"start":{},"end":{}}],"line":33}},"s":{"0":2,"1":2,"2":2,"3":2,"4":2,"5":2,"6":2,"7":2,"8":2,"9":4,"10":4,"11":4,"12":2,"13":2,"14":2,"15":2,"16":1,"17":1,"18":1,"19":1,"20":2,"21":2,"22":2,"23":2,"24":1,"25":1,"26":2},"f":{"0":4,"1":2},"b":{"0":[2,2],"1":[1,1]},"_coverageSchema":"1a1c01bbd47fc00a2c39e90264f33305004495a9","hash":"347ad2e5cf464e35ccf84f586c4be8fb6673c1ed"}
}
