{"/home/lpauchot/Documents/COURS-PMN/M2/0-ProjetsRenduSoutenance/BLOC 3/novatech-hrflow-v2/services/recrutement/src/index.js": {"path":"/home/lpauchot/Documents/COURS-PMN/M2/0-ProjetsRenduSoutenance/BLOC 3/novatech-hrflow-v2/services/recrutement/src/index.js","statementMap":{"0":{"start":{"line":1,"column":0},"end":{"line":1,"column":87}},"1":{"start":{"line":2,"column":16},"end":{"line":2,"column":34}},"2":{"start":{"line":3,"column":15},"end":{"line":3,"column":32}},"3":{"start":{"line":4,"column":17},"end":{"line":4,"column":30}},"4":{"start":{"line":5,"column":12},"end":{"line":5,"column":21}},"5":{"start":{"line":6,"column":0},"end":{"line":6,"column":27}},"6":{"start":{"line":7,"column":0},"end":{"line":7,"column":23}},"7":{"start":{"line":8,"column":13},"end":{"line":8,"column":69}},"8":{"start":{"line":14,"column":16},"end":{"line":17,"column":2}},"9":{"start":{"line":18,"column":15},"end":{"line":18,"column":34}},"10":{"start":{"line":20,"column":0},"end":{"line":27,"column":2}},"11":{"start":{"line":21,"column":40},"end":{"line":21,"column":48}},"12":{"start":{"line":22,"column":17},"end":{"line":25,"column":3}},"13":{"start":{"line":26,"column":2},"end":{"line":26,"column":26}},"14":{"start":{"line":29,"column":0},"end":{"line":32,"column":2}},"15":{"start":{"line":30,"column":17},"end":{"line":30,"column":85}},"16":{"start":{"line":31,"column":2},"end":{"line":31,"column":23}},"17":{"start":{"line":34,"column":0},"end":{"line":39,"column":2}},"18":{"start":{"line":35,"column":17},"end":{"line":35,"column":27}},"19":{"start":{"line":36,"column":21},"end":{"line":36,"column":29}},"20":{"start":{"line":37,"column":2},"end":{"line":37,"column":82}},"21":{"start":{"line":38,"column":2},"end":{"line":38,"column":29}},"22":{"start":{"line":46,"column":0},"end":{"line":46,"column":20}}},"fnMap":{"0":{"name":"(anonymous_0)","decl":{"start":{"line":20,"column":55},"end":{"line":20,"column":56}},"loc":{"start":{"line":20,"column":75},"end":{"line":27,"column":1}},"line":20},"1":{"name":"(anonymous_1)","decl":{"start":{"line":29,"column":34},"end":{"line":29,"column":35}},"loc":{"start":{"line":29,"column":54},"end":{"line":32,"column":1}},"line":29},"2":{"name":"(anonymous_2)","decl":{"start":{"line":34,"column":46},"end":{"line":34,"column":47}},"loc":{"start":{"line":34,"column":66},"end":{"line":39,"column":1}},"line":34}},"branchMap":{},"s":{"0":1,"1":1,"2":1,"3":1,"4":1,"5":1,"6":1,"7":1,"8":1,"9":1,"10":1,"11":1,"12":1,"13":1,"14":1,"15":1,"16":1,"17":1,"18":1,"19":1,"20":1,"21":1,"22":1},"f":{"0":1,"1":1,"2":1},"b":{},"_coverageSchema":"1a1c01bbd47fc00a2c39e90264f33305004495a9","hash":"f5275476bf55e397576a2c5e8b6786c471d5a5a7"}
}
