{"/home/lpauchot/Documents/COURS-PMN/M2/0-ProjetsRenduSoutenance/BLOC 3/novatech-hrflow-v2/services/conges/src/index.js": {"path":"/home/lpauchot/Documents/COURS-PMN/M2/0-ProjetsRenduSoutenance/BLOC 3/novatech-hrflow-v2/services/conges/src/index.js","statementMap":{"0":{"start":{"line":1,"column":0},"end":{"line":1,"column":87}},"1":{"start":{"line":2,"column":16},"end":{"line":2,"column":34}},"2":{"start":{"line":3,"column":17},"end":{"line":3,"column":30}},"3":{"start":{"line":4,"column":12},"end":{"line":4,"column":35}},"4":{"start":{"line":5,"column":12},"end":{"line":5,"column":21}},"5":{"start":{"line":6,"column":0},"end":{"line":6,"column":27}},"6":{"start":{"line":7,"column":0},"end":{"line":7,"column":23}},"7":{"start":{"line":8,"column":13},"end":{"line":8,"column":69}},"8":{"start":{"line":13,"column":16},"end":{"line":13,"column":65}},"9":{"start":{"line":14,"column":2},"end":{"line":14,"column":64}},"10":{"start":{"line":14,"column":14},"end":{"line":14,"column":64}},"11":{"start":{"line":15,"column":2},"end":{"line":22,"column":3}},"12":{"start":{"line":16,"column":20},"end":{"line":16,"column":61}},"13":{"start":{"line":17,"column":4},"end":{"line":17,"column":85}},"14":{"start":{"line":17,"column":34},"end":{"line":17,"column":85}},"15":{"start":{"line":18,"column":4},"end":{"line":18,"column":22}},"16":{"start":{"line":19,"column":4},"end":{"line":19,"column":10}},"17":{"start":{"line":21,"column":4},"end":{"line":21,"column":52}},"18":{"start":{"line":25,"column":0},"end":{"line":34,"column":2}},"19":{"start":{"line":26,"column":25},"end":{"line":26,"column":35}},"20":{"start":{"line":27,"column":19},"end":{"line":27,"column":90}},"21":{"start":{"line":28,"column":21},"end":{"line":28,"column":126}},"22":{"start":{"line":29,"column":26},"end":{"line":29,"column":133}},"23":{"start":{"line":30,"column":22},"end":{"line":30,"column":65}},"24":{"start":{"line":31,"column":20},"end":{"line":31,"column":79}},"25":{"start":{"line":31,"column":55},"end":{"line":31,"column":75}},"26":{"start":{"line":32,"column":25},"end":{"line":32,"column":89}},"27":{"start":{"line":32,"column":65},"end":{"line":32,"column":85}},"28":{"start":{"line":33,"column":2},"end":{"line":33,"column":86}},"29":{"start":{"line":36,"column":0},"end":{"line":44,"column":2}},"30":{"start":{"line":37,"column":52},"end":{"line":37,"column":60}},"31":{"start":{"line":38,"column":22},"end":{"line":38,"column":98}},"32":{"start":{"line":39,"column":17},"end":{"line":42,"column":3}},"33":{"start":{"line":43,"column":2},"end":{"line":43,"column":26}},"34":{"start":{"line":53,"column":0},"end":{"line":56,"column":2}},"35":{"start":{"line":54,"column":14},"end":{"line":54,"column":106}},"36":{"start":{"line":55,"column":2},"end":{"line":55,"column":20}},"37":{"start":{"line":58,"column":0},"end":{"line":58,"column":20}}},"fnMap":{"0":{"name":"requireAdmin","decl":{"start":{"line":12,"column":9},"end":{"line":12,"column":21}},"loc":{"start":{"line":12,"column":38},"end":{"line":23,"column":1}},"line":12},"1":{"name":"(anonymous_1)","decl":{"start":{"line":25,"column":37},"end":{"line":25,"column":38}},"loc":{"start":{"line":25,"column":57},"end":{"line":34,"column":1}},"line":25},"2":{"name":"(anonymous_2)","decl":{"start":{"line":31,"column":43},"end":{"line":31,"column":44}},"loc":{"start":{"line":31,"column":55},"end":{"line":31,"column":75}},"line":31},"3":{"name":"(anonymous_3)","decl":{"start":{"line":32,"column":53},"end":{"line":32,"column":54}},"loc":{"start":{"line":32,"column":65},"end":{"line":32,"column":85}},"line":32},"4":{"name":"(anonymous_4)","decl":{"start":{"line":36,"column":28},"end":{"line":36,"column":29}},"loc":{"start":{"line":36,"column":48},"end":{"line":44,"column":1}},"line":36},"5":{"name":"(anonymous_5)","decl":{"start":{"line":53,"column":43},"end":{"line":53,"column":44}},"loc":{"start":{"line":53,"column":63},"end":{"line":56,"column":1}},"line":53}},"branchMap":{"0":{"loc":{"start":{"line":14,"column":2},"end":{"line":14,"column":64}},"type":"if","locations":[{"start":{"line":14,"column":2},"end":{"line":14,"column":64}},{"start":{},"end":{}}],"line":14},"1":{"loc":{"start":{"line":17,"column":4},"end":{"line":17,"column":85}},"type":"if","locations":[{"start":{"line":17,"column":4},"end":{"line":17,"column":85}},{"start":{},"end":{}}],"line":17},"2":{"loc":{"start":{"line":30,"column":22},"end":{"line":30,"column":65}},"type":"binary-expr","locations":[{"start":{"line":30,"column":22},"end":{"line":30,"column":59}},{"start":{"line":30,"column":63},"end":{"line":30,"column":65}}],"line":30}},"s":{"0":1,"1":1,"2":1,"3":1,"4":1,"5":1,"6":1,"7":1,"8":3,"9":3,"10":1,"11":2,"12":2,"13":2,"14":1,"15":1,"16":1,"17":0,"18":1,"19":1,"20":1,"21":1,"22":1,"23":1,"24":1,"25":1,"26":1,"27":1,"28":1,"29":1,"30":1,"31":1,"32":1,"33":1,"34":1,"35":1,"36":1,"37":1},"f":{"0":3,"1":1,"2":1,"3":1,"4":1,"5":1},"b":{"0":[1,2],"1":[1,1],"2":[1,0]},"_coverageSchema":"1a1c01bbd47fc00a2c39e90264f33305004495a9","hash":"ff8d715bfd83ca6725fb2b7b0e765c9bcf0b6d89"}
}
