TN:
SF:src/index.js
FN:12,requireAdmin
FN:25,(anonymous_1)
FN:31,(anonymous_2)
FN:32,(anonymous_3)
FN:36,(anonymous_4)
FN:53,(anonymous_5)
FNF:6
FNH:6
FNDA:3,requireAdmin
FNDA:1,(anonymous_1)
FNDA:1,(anonymous_2)
FNDA:1,(anonymous_3)
FNDA:1,(anonymous_4)
FNDA:1,(anonymous_5)
DA:1,1
DA:2,1
DA:3,1
DA:4,1
DA:5,1
DA:6,1
DA:7,1
DA:8,1
DA:13,3
DA:14,3
DA:15,2
DA:16,2
DA:17,2
DA:18,1
DA:19,1
DA:21,0
DA:25,1
DA:26,1
DA:27,1
DA:28,1
DA:29,1
DA:30,1
DA:31,1
DA:32,1
DA:33,1
DA:36,1
DA:37,1
DA:38,1
DA:39,1
DA:43,1
DA:53,1
DA:54,1
DA:55,1
DA:58,1
LF:34
LH:33
BRDA:14,0,0,1
BRDA:14,0,1,2
BRDA:17,1,0,1
BRDA:17,1,1,1
BRDA:30,2,0,1
BRDA:30,2,1,0
BRF:6
BRH:5
end_of_record
